Compilation failed:
    source file: '/Users/ferdousjahan/Documents/MyStuffs/Thesis/Master-Thesis/RQ3-exp/opencv/cmake/checks/cpu_neon_bf16.cpp'
    check option: ''
===== BUILD LOG =====
Change Dir: '/Users/ferdousjahan/Documents/MyStuffs/Thesis/Master-Thesis/RQ3-exp/build_opencv/CMakeFiles/CMakeTmp'

Run Build Command(s): /opt/homebrew/bin/cmake -E env VERBOSE=1 /usr/bin/make -f Makefile cmTC_d1b4a/fast
/Library/Developer/CommandLineTools/usr/bin/make  -f CMakeFiles/cmTC_d1b4a.dir/build.make CMakeFiles/cmTC_d1b4a.dir/build
Building CXX object CMakeFiles/cmTC_d1b4a.dir/cpu_neon_bf16.cpp.o
/usr/bin/c++   -O3 -DNDEBUG -std=c++11 -arch arm64 -fPIE -MD -MT CMakeFiles/cmTC_d1b4a.dir/cpu_neon_bf16.cpp.o -MF CMakeFiles/cmTC_d1b4a.dir/cpu_neon_bf16.cpp.o.d -o CMakeFiles/cmTC_d1b4a.dir/cpu_neon_bf16.cpp.o -c /Users/ferdousjahan/Documents/MyStuffs/Thesis/Master-Thesis/RQ3-exp/opencv/cmake/checks/cpu_neon_bf16.cpp
/Users/ferdousjahan/Documents/MyStuffs/Thesis/Master-Thesis/RQ3-exp/opencv/cmake/checks/cpu_neon_bf16.cpp:14:26: error: always_inline function 'vcvt_bf16_f32' requires target feature 'bf16', but would be inlined into function 'vld1q_as_bf16' that is compiled without support for 'bf16'
   14 |     return vcombine_bf16(vcvt_bf16_f32(s0), vcvt_bf16_f32(s1));
      |                          ^
/Users/ferdousjahan/Documents/MyStuffs/Thesis/Master-Thesis/RQ3-exp/opencv/cmake/checks/cpu_neon_bf16.cpp:14:45: error: always_inline function 'vcvt_bf16_f32' requires target feature 'bf16', but would be inlined into function 'vld1q_as_bf16' that is compiled without support for 'bf16'
   14 |     return vcombine_bf16(vcvt_bf16_f32(s0), vcvt_bf16_f32(s1));
      |                                             ^
/Users/ferdousjahan/Documents/MyStuffs/Thesis/Master-Thesis/RQ3-exp/opencv/cmake/checks/cpu_neon_bf16.cpp:14:12: error: always_inline function 'vcombine_bf16' requires target feature 'bf16', but would be inlined into function 'vld1q_as_bf16' that is compiled without support for 'bf16'
   14 |     return vcombine_bf16(vcvt_bf16_f32(s0), vcvt_bf16_f32(s1));
      |            ^
3 errors generated.
make[1]: *** [CMakeFiles/cmTC_d1b4a.dir/cpu_neon_bf16.cpp.o] Error 1
make: *** [cmTC_d1b4a/fast] Error 2


===== END =====

Compilation failed:
    source file: '/Users/ferdousjahan/Documents/MyStuffs/Thesis/Master-Thesis/RQ3-exp/build_opencv/CMakeFiles/CMakeTmp/src.cxx'
    check option: ''
===== BUILD LOG =====
Change Dir: '/Users/ferdousjahan/Documents/MyStuffs/Thesis/Master-Thesis/RQ3-exp/build_opencv/CMakeFiles/CMakeTmp'

Run Build Command(s): /opt/homebrew/bin/cmake -E env VERBOSE=1 /usr/bin/make -f Makefile cmTC_efe6f/fast
/Library/Developer/CommandLineTools/usr/bin/make  -f CMakeFiles/cmTC_efe6f.dir/build.make CMakeFiles/cmTC_efe6f.dir/build
Building CXX object CMakeFiles/cmTC_efe6f.dir/src.cxx.o
/usr/bin/c++   -O3 -DNDEBUG -std=c++11 -arch arm64 -fPIE -MD -MT CMakeFiles/cmTC_efe6f.dir/src.cxx.o -MF CMakeFiles/cmTC_efe6f.dir/src.cxx.o.d -o CMakeFiles/cmTC_efe6f.dir/src.cxx.o -c /Users/ferdousjahan/Documents/MyStuffs/Thesis/Master-Thesis/RQ3-exp/build_opencv/CMakeFiles/CMakeTmp/src.cxx
Linking CXX executable cmTC_efe6f
/opt/homebrew/bin/cmake -E cmake_link_script CMakeFiles/cmTC_efe6f.dir/link.txt --verbose=1
ld: unknown options: --as-needed 
clang++: error: linker command failed with exit code 1 (use -v to see invocation)
/usr/bin/c++ -O3 -DNDEBUG -arch arm64 -Wl,-search_paths_first -Wl,-headerpad_max_install_names  -Wl,--as-needed  CMakeFiles/cmTC_efe6f.dir/src.cxx.o -o cmTC_efe6f
make[1]: *** [cmTC_efe6f] Error 1
make: *** [cmTC_efe6f/fast] Error 2


===== END =====

Compilation failed:
    source file: '/Users/ferdousjahan/Documents/MyStuffs/Thesis/Master-Thesis/RQ3-exp/build_opencv/CMakeFiles/CMakeTmp/src.cxx'
    check option: ''
===== BUILD LOG =====
Change Dir: '/Users/ferdousjahan/Documents/MyStuffs/Thesis/Master-Thesis/RQ3-exp/build_opencv/CMakeFiles/CMakeTmp'

Run Build Command(s): /opt/homebrew/bin/cmake -E env VERBOSE=1 /usr/bin/make -f Makefile cmTC_2b66c/fast
/Library/Developer/CommandLineTools/usr/bin/make  -f CMakeFiles/cmTC_2b66c.dir/build.make CMakeFiles/cmTC_2b66c.dir/build
Building CXX object CMakeFiles/cmTC_2b66c.dir/src.cxx.o
/usr/bin/c++   -O3 -DNDEBUG -std=c++11 -arch arm64 -fPIE -MD -MT CMakeFiles/cmTC_2b66c.dir/src.cxx.o -MF CMakeFiles/cmTC_2b66c.dir/src.cxx.o.d -o CMakeFiles/cmTC_2b66c.dir/src.cxx.o -c /Users/ferdousjahan/Documents/MyStuffs/Thesis/Master-Thesis/RQ3-exp/build_opencv/CMakeFiles/CMakeTmp/src.cxx
Linking CXX executable cmTC_2b66c
/opt/homebrew/bin/cmake -E cmake_link_script CMakeFiles/cmTC_2b66c.dir/link.txt --verbose=1
ld: unknown options: --no-undefined 
clang++: error: linker command failed with exit code 1 (use -v to see invocation)
/usr/bin/c++ -O3 -DNDEBUG -arch arm64 -Wl,-search_paths_first -Wl,-headerpad_max_install_names  -Wl,--no-undefined  CMakeFiles/cmTC_2b66c.dir/src.cxx.o -o cmTC_2b66c
make[1]: *** [cmTC_2b66c] Error 1
make: *** [cmTC_2b66c/fast] Error 2


===== END =====

Build output check failed:
    Regex: 'unknown .*option'
    Output line: 'warning: unknown warning option '-Wno-maybe-uninitialized', did you mean '-Wno-uninitialized'? [-Wunknown-warning-option]'
Compilation failed:
    source file: '/Users/ferdousjahan/Documents/MyStuffs/Thesis/Master-Thesis/RQ3-exp/build_opencv/CMakeFiles/CMakeTmp/src.c'
    check option: ' -Wno-maybe-uninitialized'
===== BUILD LOG =====
Change Dir: '/Users/ferdousjahan/Documents/MyStuffs/Thesis/Master-Thesis/RQ3-exp/build_opencv/CMakeFiles/CMakeTmp'

Run Build Command(s): /opt/homebrew/bin/cmake -E env VERBOSE=1 /usr/bin/make -f Makefile cmTC_af581/fast
/Library/Developer/CommandLineTools/usr/bin/make  -f CMakeFiles/cmTC_af581.dir/build.make CMakeFiles/cmTC_af581.dir/build
Building C object CMakeFiles/cmTC_af581.dir/src.c.o
/usr/bin/cc   -fsigned-char -W -Wall -Wreturn-type -Wnon-virtual-dtor -Waddress -Wsequence-point -Wformat -Wformat-security -Wstrict-prototypes -Winit-self -Wpointer-arith -Wsign-promo -Wuninitialized -Wno-delete-non-virtual-dtor -Wno-unnamed-type-template-args -Wno-comment -fdiagnostics-show-option -Qunused-arguments -Wno-semicolon-before-method-body -ffunction-sections -fdata-sections  -fvisibility=hidden -fvisibility-inlines-hidden -Wno-unused-but-set-variable -Wno-missing-prototypes -Wno-missing-declarations -Wno-undef -Wno-unused -Wno-sign-compare -Wno-cast-align -Wno-shadow  -O3 -DNDEBUG  -DNDEBUG -arch arm64 -fPIE    -Wno-maybe-uninitialized -MD -MT CMakeFiles/cmTC_af581.dir/src.c.o -MF CMakeFiles/cmTC_af581.dir/src.c.o.d -o CMakeFiles/cmTC_af581.dir/src.c.o -c /Users/ferdousjahan/Documents/MyStuffs/Thesis/Master-Thesis/RQ3-exp/build_opencv/CMakeFiles/CMakeTmp/src.c
warning: unknown warning option '-Wno-maybe-uninitialized'; did you mean '-Wno-uninitialized'? [-Wunknown-warning-option]
/Users/ferdousjahan/Documents/MyStuffs/Thesis/Master-Thesis/RQ3-exp/build_opencv/CMakeFiles/CMakeTmp/src.c:1:8: warning: unknown pragma ignored [-Wunknown-pragmas]
    1 | #pragma
      |        ^
2 warnings generated.
Linking C executable cmTC_af581
/opt/homebrew/bin/cmake -E cmake_link_script CMakeFiles/cmTC_af581.dir/link.txt --verbose=1
/usr/bin/cc    -fsigned-char -W -Wall -Wreturn-type -Wnon-virtual-dtor -Waddress -Wsequence-point -Wformat -Wformat-security -Wstrict-prototypes -Winit-self -Wpointer-arith -Wsign-promo -Wuninitialized -Wno-delete-non-virtual-dtor -Wno-unnamed-type-template-args -Wno-comment -fdiagnostics-show-option -Qunused-arguments -Wno-semicolon-before-method-body -ffunction-sections -fdata-sections  -fvisibility=hidden -fvisibility-inlines-hidden -Wno-unused-but-set-variable -Wno-missing-prototypes -Wno-missing-declarations -Wno-undef -Wno-unused -Wno-sign-compare -Wno-cast-align -Wno-shadow  -O3 -DNDEBUG  -DNDEBUG -arch arm64 -Wl,-search_paths_first -Wl,-headerpad_max_install_names   -Wl,-dead_strip  CMakeFiles/cmTC_af581.dir/src.c.o -o cmTC_af581


===== END =====


LAPACK(LAPACK/Apple) check FAILED:
    LAPACK_INCLUDE_DIR: ''
    LAPACK_LIBRARIES: ''
    LAPACK_LINK_LIBRARIES: '/usr/local/lib'
    Output:
Change Dir: '/Users/ferdousjahan/Documents/MyStuffs/Thesis/Master-Thesis/RQ3-exp/build_opencv/CMakeFiles/CMakeTmp'

Run Build Command(s): /opt/homebrew/bin/cmake -E env VERBOSE=1 /usr/bin/make -f Makefile cmTC_c4c77/fast
/Library/Developer/CommandLineTools/usr/bin/make  -f CMakeFiles/cmTC_c4c77.dir/build.make CMakeFiles/cmTC_c4c77.dir/build
Building CXX object CMakeFiles/cmTC_c4c77.dir/lapack_check.cpp.o
/usr/bin/c++  -I/Users/ferdousjahan/Documents/MyStuffs/Thesis/Master-Thesis/RQ3-exp/build_opencv/CMakeFiles/CMakeTmp -I/Users/ferdousjahan/Documents/MyStuffs/Thesis/Master-Thesis/RQ3-exp/build_opencv -fsigned-char -W -Wall -Wreturn-type -Wnon-virtual-dtor -Waddress -Wsequence-point -Wformat -Wformat-security -Wmissing-declarations -Wmissing-prototypes -Wstrict-prototypes -Wundef -Winit-self -Wpointer-arith -Wshadow -Wsign-promo -Wuninitialized -Wno-delete-non-virtual-dtor -Wno-unnamed-type-template-args -Wno-comment -fdiagnostics-show-option -Qunused-arguments -Wno-semicolon-before-method-body -ffunction-sections -fdata-sections  -fvisibility=hidden -fvisibility-inlines-hidden  -O3 -DNDEBUG  -DNDEBUG -std=c++11 -arch arm64 -fPIE -MD -MT CMakeFiles/cmTC_c4c77.dir/lapack_check.cpp.o -MF CMakeFiles/cmTC_c4c77.dir/lapack_check.cpp.o.d -o CMakeFiles/cmTC_c4c77.dir/lapack_check.cpp.o -c /Users/ferdousjahan/Documents/MyStuffs/Thesis/Master-Thesis/RQ3-exp/opencv/cmake/checks/lapack_check.cpp
/Users/ferdousjahan/Documents/MyStuffs/Thesis/Master-Thesis/RQ3-exp/opencv/cmake/checks/lapack_check.cpp:4:33: warning: 'sgesv_' is deprecated: first deprecated in macOS 13.3 - The CLAPACK interface is deprecated.  Please compile with -DACCELERATE_NEW_LAPACK to access the new lapack headers. [-Wdeprecated-declarations]
    4 | static char* check_fn1 = (char*)sgesv_;
      |                                 ^
/Library/Developer/CommandLineTools/SDKs/MacOSX.sdk/System/Library/Frameworks/vecLib.framework/Headers/clapack.h:5624:5: note: 'sgesv_' has been explicitly marked deprecated here
 5624 | int sgesv_(__CLPK_integer *__n, __CLPK_integer *__nrhs, __CLPK_real *__a,
      |     ^
/Users/ferdousjahan/Documents/MyStuffs/Thesis/Master-Thesis/RQ3-exp/opencv/cmake/checks/lapack_check.cpp:5:33: warning: 'sposv_' is deprecated: first deprecated in macOS 13.3 - The CLAPACK interface is deprecated.  Please compile with -DACCELERATE_NEW_LAPACK to access the new lapack headers. [-Wdeprecated-declarations]
    5 | static char* check_fn2 = (char*)sposv_;
      |                                 ^
/Library/Developer/CommandLineTools/SDKs/MacOSX.sdk/System/Library/Frameworks/vecLib.framework/Headers/clapack.h:7082:5: note: 'sposv_' has been explicitly marked deprecated here
 7082 | int sposv_(char *__uplo, __CLPK_integer *__n, __CLPK_integer *__nrhs,
      |     ^
/Users/ferdousjahan/Documents/MyStuffs/Thesis/Master-Thesis/RQ3-exp/opencv/cmake/checks/lapack_check.cpp:6:33: warning: 'spotrf_' is deprecated: first deprecated in macOS 13.3 - The CLAPACK interface is deprecated.  Please compile with -DACCELERATE_NEW_LAPACK to access the new lapack headers. [-Wdeprecated-declarations]
    6 | static char* check_fn3 = (char*)spotrf_;
      |                                 ^
/Library/Developer/CommandLineTools/SDKs/MacOSX.sdk/System/Library/Frameworks/vecLib.framework/Headers/clapack.h:7103:5: note: 'spotrf_' has been explicitly marked deprecated here
 7103 | int spotrf_(char *__uplo, __CLPK_integer *__n, __CLPK_real *__a,
      |     ^
/Users/ferdousjahan/Documents/MyStuffs/Thesis/Master-Thesis/RQ3-exp/opencv/cmake/checks/lapack_check.cpp:7:33: warning: 'sgesdd_' is deprecated: first deprecated in macOS 13.3 - The CLAPACK interface is deprecated.  Please compile with -DACCELERATE_NEW_LAPACK to access the new lapack headers. [-Wdeprecated-declarations]
    7 | static char* check_fn4 = (char*)sgesdd_;
      |                                 ^
/Library/Developer/CommandLineTools/SDKs/MacOSX.sdk/System/Library/Frameworks/vecLib.framework/Headers/clapack.h:5616:5: note: 'sgesdd_' has been explicitly marked deprecated here
 5616 | int sgesdd_(char *__jobz, __CLPK_integer *__m, __CLPK_integer *__n,
      |     ^
4 warnings generated.
Linking CXX executable cmTC_c4c77
/opt/homebrew/bin/cmake -E cmake_link_script CMakeFiles/cmTC_c4c77.dir/link.txt --verbose=1
Undefined symbols for architecture arm64:
  "_sgesdd_", referenced from:
      _main in lapack_check.cpp.o
  "_sgesv_", referenced from:
      _main in lapack_check.cpp.o
  "_sposv_", referenced from:
      _main in lapack_check.cpp.o
  "_spotrf_", referenced from:
      _main in lapack_check.cpp.o
ld: symbol(s) not found for architecture arm64
clang++: error: linker command failed with exit code 1 (use -v to see invocation)
/usr/bin/c++    -fsigned-char -W -Wall -Wreturn-type -Wnon-virtual-dtor -Waddress -Wsequence-point -Wformat -Wformat-security -Wmissing-declarations -Wmissing-prototypes -Wstrict-prototypes -Wundef -Winit-self -Wpointer-arith -Wshadow -Wsign-promo -Wuninitialized -Wno-delete-non-virtual-dtor -Wno-unnamed-type-template-args -Wno-comment -fdiagnostics-show-option -Qunused-arguments -Wno-semicolon-before-method-body -ffunction-sections -fdata-sections  -fvisibility=hidden -fvisibility-inlines-hidden  -O3 -DNDEBUG  -DNDEBUG -arch arm64 -Wl,-search_paths_first -Wl,-headerpad_max_install_names   -Wl,-dead_strip  CMakeFiles/cmTC_c4c77.dir/lapack_check.cpp.o -o cmTC_c4c77
make[1]: *** [cmTC_c4c77] Error 1
make: *** [cmTC_c4c77/fast] Error 2



Build output check failed:
    Regex: 'unknown .*option'
    Output line: 'warning: unknown warning option '-Wno-stringop-overflow', did you mean '-Wno-shift-overflow'? [-Wunknown-warning-option]'
Compilation failed:
    source file: '/Users/ferdousjahan/Documents/MyStuffs/Thesis/Master-Thesis/RQ3-exp/build_opencv/CMakeFiles/CMakeTmp/src.cxx'
    check option: ' -Wno-stringop-overflow'
===== BUILD LOG =====
Change Dir: '/Users/ferdousjahan/Documents/MyStuffs/Thesis/Master-Thesis/RQ3-exp/build_opencv/CMakeFiles/CMakeTmp'

Run Build Command(s): /opt/homebrew/bin/cmake -E env VERBOSE=1 /usr/bin/make -f Makefile cmTC_8d04e/fast
/Library/Developer/CommandLineTools/usr/bin/make  -f CMakeFiles/cmTC_8d04e.dir/build.make CMakeFiles/cmTC_8d04e.dir/build
Building CXX object CMakeFiles/cmTC_8d04e.dir/src.cxx.o
/usr/bin/c++   -fsigned-char -W -Wall -Wreturn-type -Wnon-virtual-dtor -Waddress -Wsequence-point -Wformat -Wformat-security -Wstrict-prototypes -Winit-self -Wpointer-arith -Wuninitialized -Wno-delete-non-virtual-dtor -Wno-unnamed-type-template-args -Wno-comment -fdiagnostics-show-option -Qunused-arguments -Wno-semicolon-before-method-body -ffunction-sections -fdata-sections  -fvisibility=hidden -fvisibility-inlines-hidden -Wno-deprecated -Wno-missing-prototypes -Wno-missing-declarations -Wno-shadow -Wno-unused-parameter -Wno-unused-local-typedefs -Wno-sign-compare -Wno-sign-promo -Wno-undef -Wno-tautological-undefined-compare -Wno-ignored-qualifiers -Wno-extra -Wno-unused-function -Wno-unused-const-variable -Wno-shorten-64-to-32 -Wno-invalid-offsetof -Wno-enum-compare-switch -Wno-suggest-override -Wno-inconsistent-missing-override -Wno-implicit-fallthrough -Wno-array-bounds  -O3 -DNDEBUG  -DNDEBUG -std=c++11 -arch arm64 -fPIE    -Wno-stringop-overflow -MD -MT CMakeFiles/cmTC_8d04e.dir/src.cxx.o -MF CMakeFiles/cmTC_8d04e.dir/src.cxx.o.d -o CMakeFiles/cmTC_8d04e.dir/src.cxx.o -c /Users/ferdousjahan/Documents/MyStuffs/Thesis/Master-Thesis/RQ3-exp/build_opencv/CMakeFiles/CMakeTmp/src.cxx
warning: unknown warning option '-Wno-stringop-overflow'; did you mean '-Wno-shift-overflow'? [-Wunknown-warning-option]
/Users/ferdousjahan/Documents/MyStuffs/Thesis/Master-Thesis/RQ3-exp/build_opencv/CMakeFiles/CMakeTmp/src.cxx:1:8: warning: unknown pragma ignored [-Wunknown-pragmas]
    1 | #pragma
      |        ^
2 warnings generated.
Linking CXX executable cmTC_8d04e
/opt/homebrew/bin/cmake -E cmake_link_script CMakeFiles/cmTC_8d04e.dir/link.txt --verbose=1
/usr/bin/c++    -fsigned-char -W -Wall -Wreturn-type -Wnon-virtual-dtor -Waddress -Wsequence-point -Wformat -Wformat-security -Wstrict-prototypes -Winit-self -Wpointer-arith -Wuninitialized -Wno-delete-non-virtual-dtor -Wno-unnamed-type-template-args -Wno-comment -fdiagnostics-show-option -Qunused-arguments -Wno-semicolon-before-method-body -ffunction-sections -fdata-sections  -fvisibility=hidden -fvisibility-inlines-hidden -Wno-deprecated -Wno-missing-prototypes -Wno-missing-declarations -Wno-shadow -Wno-unused-parameter -Wno-unused-local-typedefs -Wno-sign-compare -Wno-sign-promo -Wno-undef -Wno-tautological-undefined-compare -Wno-ignored-qualifiers -Wno-extra -Wno-unused-function -Wno-unused-const-variable -Wno-shorten-64-to-32 -Wno-invalid-offsetof -Wno-enum-compare-switch -Wno-suggest-override -Wno-inconsistent-missing-override -Wno-implicit-fallthrough -Wno-array-bounds  -O3 -DNDEBUG  -DNDEBUG -arch arm64 -Wl,-search_paths_first -Wl,-headerpad_max_install_names   -Wl,-dead_strip  CMakeFiles/cmTC_8d04e.dir/src.cxx.o -o cmTC_8d04e


===== END =====

Build output check failed:
    Regex: 'unknown .*option'
    Output line: 'warning: unknown warning option '-Wno-stringop-overread' [-Wunknown-warning-option]'
Compilation failed:
    source file: '/Users/ferdousjahan/Documents/MyStuffs/Thesis/Master-Thesis/RQ3-exp/build_opencv/CMakeFiles/CMakeTmp/src.cxx'
    check option: ' -Wno-stringop-overread'
===== BUILD LOG =====
Change Dir: '/Users/ferdousjahan/Documents/MyStuffs/Thesis/Master-Thesis/RQ3-exp/build_opencv/CMakeFiles/CMakeTmp'

Run Build Command(s): /opt/homebrew/bin/cmake -E env VERBOSE=1 /usr/bin/make -f Makefile cmTC_68e53/fast
/Library/Developer/CommandLineTools/usr/bin/make  -f CMakeFiles/cmTC_68e53.dir/build.make CMakeFiles/cmTC_68e53.dir/build
Building CXX object CMakeFiles/cmTC_68e53.dir/src.cxx.o
/usr/bin/c++   -fsigned-char -W -Wall -Wreturn-type -Wnon-virtual-dtor -Waddress -Wsequence-point -Wformat -Wformat-security -Wstrict-prototypes -Winit-self -Wpointer-arith -Wuninitialized -Wno-delete-non-virtual-dtor -Wno-unnamed-type-template-args -Wno-comment -fdiagnostics-show-option -Qunused-arguments -Wno-semicolon-before-method-body -ffunction-sections -fdata-sections  -fvisibility=hidden -fvisibility-inlines-hidden -Wno-deprecated -Wno-missing-prototypes -Wno-missing-declarations -Wno-shadow -Wno-unused-parameter -Wno-unused-local-typedefs -Wno-sign-compare -Wno-sign-promo -Wno-undef -Wno-tautological-undefined-compare -Wno-ignored-qualifiers -Wno-extra -Wno-unused-function -Wno-unused-const-variable -Wno-shorten-64-to-32 -Wno-invalid-offsetof -Wno-enum-compare-switch -Wno-suggest-override -Wno-inconsistent-missing-override -Wno-implicit-fallthrough -Wno-array-bounds  -O3 -DNDEBUG  -DNDEBUG -std=c++11 -arch arm64 -fPIE    -Wno-stringop-overread -MD -MT CMakeFiles/cmTC_68e53.dir/src.cxx.o -MF CMakeFiles/cmTC_68e53.dir/src.cxx.o.d -o CMakeFiles/cmTC_68e53.dir/src.cxx.o -c /Users/ferdousjahan/Documents/MyStuffs/Thesis/Master-Thesis/RQ3-exp/build_opencv/CMakeFiles/CMakeTmp/src.cxx
warning: unknown warning option '-Wno-stringop-overread' [-Wunknown-warning-option]
/Users/ferdousjahan/Documents/MyStuffs/Thesis/Master-Thesis/RQ3-exp/build_opencv/CMakeFiles/CMakeTmp/src.cxx:1:8: warning: unknown pragma ignored [-Wunknown-pragmas]
    1 | #pragma
      |        ^
2 warnings generated.
Linking CXX executable cmTC_68e53
/opt/homebrew/bin/cmake -E cmake_link_script CMakeFiles/cmTC_68e53.dir/link.txt --verbose=1
/usr/bin/c++    -fsigned-char -W -Wall -Wreturn-type -Wnon-virtual-dtor -Waddress -Wsequence-point -Wformat -Wformat-security -Wstrict-prototypes -Winit-self -Wpointer-arith -Wuninitialized -Wno-delete-non-virtual-dtor -Wno-unnamed-type-template-args -Wno-comment -fdiagnostics-show-option -Qunused-arguments -Wno-semicolon-before-method-body -ffunction-sections -fdata-sections  -fvisibility=hidden -fvisibility-inlines-hidden -Wno-deprecated -Wno-missing-prototypes -Wno-missing-declarations -Wno-shadow -Wno-unused-parameter -Wno-unused-local-typedefs -Wno-sign-compare -Wno-sign-promo -Wno-undef -Wno-tautological-undefined-compare -Wno-ignored-qualifiers -Wno-extra -Wno-unused-function -Wno-unused-const-variable -Wno-shorten-64-to-32 -Wno-invalid-offsetof -Wno-enum-compare-switch -Wno-suggest-override -Wno-inconsistent-missing-override -Wno-implicit-fallthrough -Wno-array-bounds  -O3 -DNDEBUG  -DNDEBUG -arch arm64 -Wl,-search_paths_first -Wl,-headerpad_max_install_names   -Wl,-dead_strip  CMakeFiles/cmTC_68e53.dir/src.cxx.o -o cmTC_68e53


===== END =====

